2025-08-03 02:11:55,635 [INFO] [MainThread] [root/controller.py:15]: Reloading Application because of config change.
2025-08-03 02:11:55,747 [INFO] [MainThread] [cli_server/cli_server.py:112]: Log pipe server stopped
2025-08-03 02:11:55,747 [DEBUG] [MainThread] [cli_server/cli_server.py:206]: CLI server stopped
2025-08-03 02:11:55,751 [INFO] [MainThread] [root/bar_manager.py:65]: Successfully loaded updated config and re-initialised all bars.
2025-08-03 02:11:55,751 [DEBUG] [MainThread] [qasync._windows._EventPoller/_windows.py:218]: Stopping worker thread...
2025-08-03 02:11:55,762 [DEBUG] [Dummy-9] [qasync._windows._EventWorker/_windows.py:201]: Exiting thread
2025-08-03 02:11:55,763 [DEBUG] [MainThread] [qasync._windows._IocpProactor/_windows.py:75]: Closing
2025-08-03 02:11:55,972 [INFO] [MainThread] [root/log.py:59]: YASB v1.7.9
2025-08-03 02:11:55,973 [INFO] [Thread-1 (_run_server)] [cli_server/cli_server.py:212]: CLI server started v1.1.2
2025-08-03 02:11:55,973 [INFO] [MainThread] [cli_server/cli_server.py:104]: Log pipe server started
2025-08-03 02:11:56,124 [DEBUG] [MainThread] [tzlocal/win32.py:55]: Looking up time zone info from registry
2025-08-03 02:11:56,202 [ERROR] [MainThread] [root/weather.py:57]: API key or location is missing. Please provide a valid API key and location.
2025-08-03 02:11:56,212 [DEBUG] [MainThread] [comtypes/__init__.py:149]: CoInitializeEx(None, 2)
2025-08-03 02:11:56,617 [INFO] [MainThread] [root/bar_manager.py:74]: Starting KomorebiEventListener...
2025-08-03 02:11:56,617 [INFO] [MainThread] [root/bar_manager.py:74]: Starting SystemEventListener...
2025-08-03 02:11:56,617 [INFO] [MainThread] [root/bar_manager.py:74]: Starting WindowsNotificationEventListener...
2025-08-03 02:11:56,617 [INFO] [MainThread] [root/watcher.py:54]: Created file watcher for path C:\Users\user1\.config\yasb
2025-08-03 02:11:56,626 [INFO] [Dummy-5] [root/event_listener.py:51]: Created named pipe yasb-d94b0b61-7006-11f0-ab72-d8b32fdff6be
2025-08-03 02:11:56,644 [DEBUG] [MainThread] [qasync._windows._EventPoller/_windows.py:213]: Starting (proactor: <_IocpProactor overlapped#=0 result#=0>)...
2025-08-03 02:11:56,645 [DEBUG] [Dummy-9] [qasync._windows._EventWorker/_windows.py:192]: Thread started
2025-08-03 02:12:08,953 [INFO] [MainThread] [root/controller.py:15]: Reloading Application because of config change.
2025-08-03 02:12:09,061 [INFO] [MainThread] [cli_server/cli_server.py:112]: Log pipe server stopped
2025-08-03 02:12:09,061 [DEBUG] [MainThread] [cli_server/cli_server.py:206]: CLI server stopped
2025-08-03 02:12:09,064 [INFO] [MainThread] [root/bar_manager.py:65]: Successfully loaded updated config and re-initialised all bars.
2025-08-03 02:12:09,064 [DEBUG] [MainThread] [qasync._windows._EventPoller/_windows.py:218]: Stopping worker thread...
2025-08-03 02:12:09,077 [DEBUG] [Dummy-9] [qasync._windows._EventWorker/_windows.py:201]: Exiting thread
2025-08-03 02:12:09,077 [DEBUG] [MainThread] [qasync._windows._IocpProactor/_windows.py:75]: Closing
2025-08-03 02:12:09,257 [INFO] [MainThread] [root/log.py:59]: YASB v1.7.9
2025-08-03 02:12:09,257 [INFO] [Thread-1 (_run_server)] [cli_server/cli_server.py:212]: CLI server started v1.1.2
2025-08-03 02:12:09,257 [INFO] [MainThread] [cli_server/cli_server.py:104]: Log pipe server started
2025-08-03 02:12:09,333 [DEBUG] [MainThread] [tzlocal/win32.py:55]: Looking up time zone info from registry
2025-08-03 02:12:09,982 [DEBUG] [MainThread] [comtypes/__init__.py:149]: CoInitializeEx(None, 2)
2025-08-03 02:12:10,313 [INFO] [MainThread] [root/bar_manager.py:74]: Starting SystemEventListener...
2025-08-03 02:12:10,313 [INFO] [MainThread] [root/bar_manager.py:74]: Starting KomorebiEventListener...
2025-08-03 02:12:10,314 [INFO] [MainThread] [root/watcher.py:54]: Created file watcher for path C:\Users\user1\.config\yasb
2025-08-03 02:12:10,323 [INFO] [Dummy-5] [root/event_listener.py:51]: Created named pipe yasb-e174f01b-7006-11f0-bf26-d8b32fdff6be
2025-08-03 02:12:10,335 [DEBUG] [MainThread] [qasync._windows._EventPoller/_windows.py:213]: Starting (proactor: <_IocpProactor overlapped#=0 result#=0>)...
2025-08-03 02:12:10,336 [DEBUG] [Dummy-9] [qasync._windows._EventWorker/_windows.py:192]: Thread started
2025-08-03 02:12:10,436 [INFO] [MainThread] [root/api.py:57]: Fetching new weather data at 2025-08-03 02:12:10.436408
2025-08-03 02:12:29,137 [INFO] [MainThread] [root/controller.py:15]: Reloading Application because of config change.
2025-08-03 02:12:29,250 [INFO] [MainThread] [cli_server/cli_server.py:112]: Log pipe server stopped
2025-08-03 02:12:29,250 [DEBUG] [MainThread] [cli_server/cli_server.py:206]: CLI server stopped
2025-08-03 02:12:29,255 [INFO] [MainThread] [root/bar_manager.py:65]: Successfully loaded updated config and re-initialised all bars.
2025-08-03 02:12:29,255 [DEBUG] [MainThread] [qasync._windows._EventPoller/_windows.py:218]: Stopping worker thread...
2025-08-03 02:12:29,265 [DEBUG] [Dummy-9] [qasync._windows._EventWorker/_windows.py:201]: Exiting thread
2025-08-03 02:12:29,266 [DEBUG] [MainThread] [qasync._windows._IocpProactor/_windows.py:75]: Closing
2025-08-03 02:12:29,460 [INFO] [MainThread] [root/log.py:59]: YASB v1.7.9
2025-08-03 02:12:29,460 [INFO] [Thread-1 (_run_server)] [cli_server/cli_server.py:212]: CLI server started v1.1.2
2025-08-03 02:12:29,460 [INFO] [MainThread] [cli_server/cli_server.py:104]: Log pipe server started
2025-08-03 02:12:29,586 [DEBUG] [MainThread] [tzlocal/win32.py:55]: Looking up time zone info from registry
2025-08-03 02:12:29,654 [ERROR] [MainThread] [root/weather.py:57]: API key or location is missing. Please provide a valid API key and location.
2025-08-03 02:12:29,656 [DEBUG] [MainThread] [comtypes/__init__.py:149]: CoInitializeEx(None, 2)
2025-08-03 02:12:29,987 [INFO] [MainThread] [root/bar_manager.py:74]: Starting KomorebiEventListener...
2025-08-03 02:12:29,987 [INFO] [MainThread] [root/bar_manager.py:74]: Starting WindowsNotificationEventListener...
2025-08-03 02:12:29,988 [INFO] [Dummy-3] [root/event_listener.py:51]: Created named pipe yasb-ed2ee40c-7006-11f0-9222-d8b32fdff6be
2025-08-03 02:12:29,988 [INFO] [MainThread] [root/bar_manager.py:74]: Starting SystemEventListener...
2025-08-03 02:12:29,988 [INFO] [MainThread] [root/watcher.py:54]: Created file watcher for path C:\Users\user1\.config\yasb
2025-08-03 02:12:30,015 [DEBUG] [MainThread] [qasync._windows._EventPoller/_windows.py:213]: Starting (proactor: <_IocpProactor overlapped#=0 result#=0>)...
2025-08-03 02:12:30,015 [DEBUG] [Dummy-9] [qasync._windows._EventWorker/_windows.py:192]: Thread started
2025-08-03 02:12:54,787 [INFO] [MainThread] [root/controller.py:15]: Reloading Application because of config change.
2025-08-03 02:12:54,899 [INFO] [MainThread] [cli_server/cli_server.py:112]: Log pipe server stopped
2025-08-03 02:12:54,899 [DEBUG] [MainThread] [cli_server/cli_server.py:206]: CLI server stopped
2025-08-03 02:12:54,902 [INFO] [MainThread] [root/bar_manager.py:65]: Successfully loaded updated config and re-initialised all bars.
2025-08-03 02:12:54,903 [DEBUG] [MainThread] [qasync._windows._EventPoller/_windows.py:218]: Stopping worker thread...
2025-08-03 02:12:54,915 [DEBUG] [Dummy-9] [qasync._windows._EventWorker/_windows.py:201]: Exiting thread
2025-08-03 02:12:54,916 [DEBUG] [MainThread] [qasync._windows._IocpProactor/_windows.py:75]: Closing
2025-08-03 02:12:55,108 [INFO] [MainThread] [root/log.py:59]: YASB v1.7.9
2025-08-03 02:12:55,108 [INFO] [Thread-1 (_run_server)] [cli_server/cli_server.py:212]: CLI server started v1.1.2
2025-08-03 02:12:55,109 [INFO] [MainThread] [cli_server/cli_server.py:104]: Log pipe server started
2025-08-03 02:12:55,190 [DEBUG] [MainThread] [tzlocal/win32.py:55]: Looking up time zone info from registry
2025-08-03 02:12:55,862 [DEBUG] [MainThread] [comtypes/__init__.py:149]: CoInitializeEx(None, 2)
2025-08-03 02:12:56,192 [INFO] [MainThread] [root/bar_manager.py:74]: Starting KomorebiEventListener...
2025-08-03 02:12:56,192 [INFO] [MainThread] [root/bar_manager.py:74]: Starting SystemEventListener...
2025-08-03 02:12:56,192 [INFO] [MainThread] [root/watcher.py:54]: Created file watcher for path C:\Users\user1\.config\yasb
2025-08-03 02:12:56,205 [INFO] [Dummy-5] [root/event_listener.py:51]: Created named pipe yasb-fccd8bd9-7006-11f0-b15e-d8b32fdff6be
2025-08-03 02:12:56,217 [DEBUG] [MainThread] [qasync._windows._EventPoller/_windows.py:213]: Starting (proactor: <_IocpProactor overlapped#=0 result#=0>)...
2025-08-03 02:12:56,218 [DEBUG] [Dummy-9] [qasync._windows._EventWorker/_windows.py:192]: Thread started
2025-08-03 02:12:56,307 [INFO] [MainThread] [root/api.py:57]: Fetching new weather data at 2025-08-03 02:12:56.307050
2025-08-03 02:13:08,532 [INFO] [MainThread] [root/controller.py:15]: Reloading Application because of config change.
2025-08-03 02:13:08,639 [INFO] [MainThread] [cli_server/cli_server.py:112]: Log pipe server stopped
2025-08-03 02:13:08,639 [DEBUG] [MainThread] [cli_server/cli_server.py:206]: CLI server stopped
2025-08-03 02:13:08,642 [INFO] [MainThread] [root/bar_manager.py:65]: Successfully loaded updated config and re-initialised all bars.
2025-08-03 02:13:08,642 [DEBUG] [MainThread] [qasync._windows._EventPoller/_windows.py:218]: Stopping worker thread...
2025-08-03 02:13:08,655 [DEBUG] [Dummy-9] [qasync._windows._EventWorker/_windows.py:201]: Exiting thread
2025-08-03 02:13:08,655 [DEBUG] [MainThread] [qasync._windows._IocpProactor/_windows.py:75]: Closing
2025-08-03 02:13:08,839 [INFO] [MainThread] [root/log.py:59]: YASB v1.7.9
2025-08-03 02:13:08,839 [INFO] [Thread-1 (_run_server)] [cli_server/cli_server.py:212]: CLI server started v1.1.2
2025-08-03 02:13:08,839 [INFO] [MainThread] [cli_server/cli_server.py:104]: Log pipe server started
2025-08-03 02:13:08,961 [DEBUG] [MainThread] [tzlocal/win32.py:55]: Looking up time zone info from registry
2025-08-03 02:13:08,989 [WARNING] [MainThread] [root/widget_builder.py:40]: No widget config could be found for widget 'glazewm_workspaces
2025-08-03 02:13:09,707 [DEBUG] [MainThread] [comtypes/__init__.py:149]: CoInitializeEx(None, 2)
2025-08-03 02:13:10,042 [INFO] [MainThread] [root/bar_manager.py:74]: Starting SystemEventListener...
2025-08-03 02:13:10,042 [INFO] [MainThread] [root/bar_manager.py:74]: Starting KomorebiEventListener...
2025-08-03 02:13:10,042 [ERROR] [MainThread] [root/widget_builder.py:79]: Failed to add undefined widget(s)  - The widget "glazewm_workspaces" is undefined.
2025-08-03 02:13:10,046 [INFO] [Dummy-3] [root/event_listener.py:51]: Created named pipe yasb-050ee37d-7007-11f0-9529-d8b32fdff6be
2025-08-03 02:14:12,715 [INFO] [MainThread] [root/log.py:59]: YASB v1.7.9
2025-08-03 02:14:12,715 [INFO] [Thread-1 (_run_server)] [cli_server/cli_server.py:212]: CLI server started v1.1.2
2025-08-03 02:14:12,715 [INFO] [MainThread] [cli_server/cli_server.py:104]: Log pipe server started
2025-08-03 02:14:12,783 [DEBUG] [MainThread] [tzlocal/win32.py:55]: Looking up time zone info from registry
2025-08-03 02:14:13,470 [DEBUG] [MainThread] [comtypes/__init__.py:149]: CoInitializeEx(None, 2)
2025-08-03 02:14:13,798 [INFO] [MainThread] [root/bar_manager.py:74]: Starting KomorebiEventListener...
2025-08-03 02:14:13,798 [INFO] [MainThread] [root/bar_manager.py:74]: Starting SystemEventListener...
2025-08-03 02:14:13,798 [ERROR] [MainThread] [root/widget_builder.py:93]: Failed to validate widget(s) due to invalid options  - glazewm_workspaces
      label_default_name:
      - unknown field
      label_offline:
      - unknown field
      label_workspace_active_btn:
      - unknown field
      label_workspace_btn:
      - unknown field
      label_zero_index:
      - unknown field
      
2025-08-03 02:14:13,799 [INFO] [Dummy-3] [root/event_listener.py:51]: Created named pipe yasb-2b0f400a-7007-11f0-89bf-d8b32fdff6be
2025-08-03 02:16:10,344 [INFO] [MainThread] [root/log.py:59]: YASB v1.7.9
2025-08-03 02:16:10,345 [INFO] [Thread-1 (_run_server)] [cli_server/cli_server.py:212]: CLI server started v1.1.2
2025-08-03 02:16:10,345 [INFO] [MainThread] [cli_server/cli_server.py:104]: Log pipe server started
2025-08-03 02:16:10,419 [DEBUG] [MainThread] [tzlocal/win32.py:55]: Looking up time zone info from registry
2025-08-03 02:16:11,087 [DEBUG] [MainThread] [comtypes/__init__.py:149]: CoInitializeEx(None, 2)
2025-08-03 02:16:11,452 [INFO] [MainThread] [root/bar_manager.py:74]: Starting SystemEventListener...
2025-08-03 02:16:11,453 [INFO] [MainThread] [root/watcher.py:54]: Created file watcher for path C:\Users\user1\.config\yasb
2025-08-03 02:16:11,476 [DEBUG] [MainThread] [qasync._windows._EventPoller/_windows.py:213]: Starting (proactor: <_IocpProactor overlapped#=0 result#=0>)...
2025-08-03 02:16:11,477 [DEBUG] [Dummy-6] [qasync._windows._EventWorker/_windows.py:192]: Thread started
2025-08-03 02:16:11,625 [INFO] [MainThread] [root/api.py:57]: Fetching new weather data at 2025-08-03 02:16:11.624610
2025-08-03 02:17:01,375 [INFO] [MainThread] [root/controller.py:15]: Reloading Application because of config change.
2025-08-03 02:17:01,483 [INFO] [MainThread] [cli_server/cli_server.py:112]: Log pipe server stopped
2025-08-03 02:17:01,483 [DEBUG] [MainThread] [cli_server/cli_server.py:206]: CLI server stopped
2025-08-03 02:17:01,486 [INFO] [MainThread] [root/bar_manager.py:65]: Successfully loaded updated config and re-initialised all bars.
2025-08-03 02:17:01,486 [DEBUG] [MainThread] [qasync._windows._EventPoller/_windows.py:218]: Stopping worker thread...
2025-08-03 02:17:01,499 [DEBUG] [Dummy-6] [qasync._windows._EventWorker/_windows.py:201]: Exiting thread
2025-08-03 02:17:01,499 [DEBUG] [MainThread] [qasync._windows._IocpProactor/_windows.py:75]: Closing
2025-08-03 02:17:01,694 [INFO] [MainThread] [root/log.py:59]: YASB v1.7.9
2025-08-03 02:17:01,694 [INFO] [Thread-1 (_run_server)] [cli_server/cli_server.py:212]: CLI server started v1.1.2
2025-08-03 02:17:01,694 [INFO] [MainThread] [cli_server/cli_server.py:104]: Log pipe server started
2025-08-03 02:17:01,798 [DEBUG] [MainThread] [tzlocal/win32.py:55]: Looking up time zone info from registry
2025-08-03 02:17:02,536 [DEBUG] [MainThread] [comtypes/__init__.py:149]: CoInitializeEx(None, 2)
2025-08-03 02:17:02,868 [INFO] [MainThread] [root/bar_manager.py:74]: Starting SystemEventListener...
2025-08-03 02:17:02,868 [INFO] [MainThread] [root/watcher.py:54]: Created file watcher for path C:\Users\user1\.config\yasb
2025-08-03 02:17:02,887 [DEBUG] [MainThread] [qasync._windows._EventPoller/_windows.py:213]: Starting (proactor: <_IocpProactor overlapped#=0 result#=0>)...
2025-08-03 02:17:02,888 [DEBUG] [Dummy-6] [qasync._windows._EventWorker/_windows.py:192]: Thread started
2025-08-03 02:17:02,957 [INFO] [MainThread] [root/api.py:57]: Fetching new weather data at 2025-08-03 02:17:02.957786
2025-08-03 02:17:46,152 [INFO] [MainThread] [root/controller.py:15]: Reloading Application because of config change.
2025-08-03 02:17:46,255 [INFO] [MainThread] [cli_server/cli_server.py:112]: Log pipe server stopped
2025-08-03 02:17:46,255 [DEBUG] [MainThread] [cli_server/cli_server.py:206]: CLI server stopped
2025-08-03 02:17:46,259 [INFO] [MainThread] [root/bar_manager.py:65]: Successfully loaded updated config and re-initialised all bars.
2025-08-03 02:17:46,259 [DEBUG] [MainThread] [qasync._windows._EventPoller/_windows.py:218]: Stopping worker thread...
2025-08-03 02:17:46,270 [DEBUG] [Dummy-6] [qasync._windows._EventWorker/_windows.py:201]: Exiting thread
2025-08-03 02:17:46,271 [DEBUG] [MainThread] [qasync._windows._IocpProactor/_windows.py:75]: Closing
2025-08-03 02:17:46,472 [INFO] [MainThread] [root/log.py:59]: YASB v1.7.9
2025-08-03 02:17:46,473 [INFO] [Thread-1 (_run_server)] [cli_server/cli_server.py:212]: CLI server started v1.1.2
2025-08-03 02:17:46,473 [INFO] [MainThread] [cli_server/cli_server.py:104]: Log pipe server started
2025-08-03 02:17:46,546 [DEBUG] [MainThread] [tzlocal/win32.py:55]: Looking up time zone info from registry
2025-08-03 02:17:47,249 [DEBUG] [MainThread] [comtypes/__init__.py:149]: CoInitializeEx(None, 2)
2025-08-03 02:17:47,582 [INFO] [MainThread] [root/bar_manager.py:74]: Starting SystemEventListener...
2025-08-03 02:17:47,582 [INFO] [MainThread] [root/watcher.py:54]: Created file watcher for path C:\Users\user1\.config\yasb
2025-08-03 02:17:47,603 [DEBUG] [MainThread] [qasync._windows._EventPoller/_windows.py:213]: Starting (proactor: <_IocpProactor overlapped#=0 result#=0>)...
2025-08-03 02:17:47,604 [DEBUG] [Dummy-6] [qasync._windows._EventWorker/_windows.py:192]: Thread started
2025-08-03 02:17:47,692 [INFO] [MainThread] [root/api.py:57]: Fetching new weather data at 2025-08-03 02:17:47.692393
2025-08-03 02:27:47,713 [INFO] [MainThread] [root/api.py:57]: Fetching new weather data at 2025-08-03 02:27:47.713859
2025-08-03 02:37:47,309 [INFO] [MainThread] [root/api.py:57]: Fetching new weather data at 2025-08-03 02:37:47.309164
